<?xml version="1.0" encoding="UTF-8"?>
<testsuite xmlns:xsi="http://www.w3.org/2001/XMLSchema-instance" xsi:noNamespaceSchemaLocation="https://maven.apache.org/surefire/maven-surefire-plugin/xsd/surefire-test-report.xsd" name="examples.ExamplesTest" time="15.102" tests="6" errors="0" skipped="0" failures="0">
  <properties>
[...]
</properties>
  <testcase name="testAll[1][1]" classname="examples.ExamplesTest" time="12.18"/>
  <testcase name="testAll[1][2]" classname="examples.ExamplesTest" time="0.173"/>
  <testcase name="testAll[1][3]" classname="examples.ExamplesTest" time="0.306"/>
  <testcase name="testAll[2][1]" classname="examples.ExamplesTest" time="0.06"/>
  <testcase name="testAll[2][2]" classname="examples.ExamplesTest" time="0.089"/>
  <testcase name="testAll[2][3]" classname="examples.ExamplesTest" time="0.085"/>
</testsuite>